C51 COMPILER V9.57.0.0   BLINKLEDS                                                         12/29/2017 11:42:49 PAGE 1   


C51 COMPILER V9.57.0.0, COMPILATION OF MODULE BLINKLEDS
OBJECT MODULE PLACED IN .\Objects\blinkleds.obj
COMPILER INVOKED BY: C:\Keil_v5\C51\BIN\C51.EXE blinkleds.c OPTIMIZE(8,SPEED) BROWSE DEBUG OBJECTEXTEND PRINT(.\Listings
                    -\blinkleds.lst) TABS(2) OBJECT(.\Objects\blinkleds.obj)

line level    source

   1          #include<reg51.h>
   2          #define LED P1
   3          void delay(unsigned int time);
   4          void delay(unsigned int time)
   5            
   6          {
   7   1        unsigned int i,j;
   8   1        for(i=0; i<time;i++);
   9   1        for(j=0;j<1275;j++);
  10   1      }
  11          void main()
  12          {
  13   1        while(1)
  14   1        {
  15   2          LED=0x00;
  16   2          delay(200);
  17   2          LED=0xff;
  18   2          delay(200);
  19   2        }
  20   1      }
  21          
  22              


MODULE INFORMATION:   STATIC OVERLAYABLE
   CODE SIZE        =     53    ----
   CONSTANT SIZE    =   ----    ----
   XDATA SIZE       =   ----    ----
   PDATA SIZE       =   ----    ----
   DATA SIZE        =   ----    ----
   IDATA SIZE       =   ----    ----
   BIT SIZE         =   ----    ----
END OF MODULE INFORMATION.


C51 COMPILATION COMPLETE.  0 WARNING(S),  0 ERROR(S)
