C51 COMPILER V9.57.0.0   PWM                                                               12/29/2017 16:47:12 PAGE 1   


C51 COMPILER V9.57.0.0, COMPILATION OF MODULE PWM
OBJECT MODULE PLACED IN .\Objects\hex\PWM.obj
COMPILER INVOKED BY: C:\Keil_v5\C51\BIN\C51.EXE PWM.c OPTIMIZE(8,SPEED) BROWSE DEBUG OBJECTEXTEND PRINT(.\Listings\PWM.l
                    -st) TABS(2) OBJECT(.\Objects\hex\PWM.obj)

line level    source

   1          #include<regx52.h>
   2          void PWM(unsigned char);
   3            void main()
   4            {
   5   1          P2=0x00;
   6   1          while(1)
   7   1          {
   8   2            unsigned char m;
   9   2            unsigned char n;
  10   2            m=100;
  11   2            n=100-m;
  12   2            P2=0x01;
  13   2            PWM(m);
  14   2            P2=0x00;
  15   2            PWM(n);
  16   2          }
  17   1        }
  18            void PWM(unsigned char time)
  19            {
  20   1          unsigned int i;
  21   1          for(i=0;i<time;i++)
  22   1          {
  23   2            TMOD=0x01;
  24   2            TH0=0xFC;
  25   2            TL0=0x67;
  26   2            TR0=0x01;
  27   2            while(TF0==0x00)
  28   2              TR0=0x00;
  29   2            TF0=0x00;
  30   2          }
  31   1        }
  32            
  33                


MODULE INFORMATION:   STATIC OVERLAYABLE
   CODE SIZE        =     72    ----
   CONSTANT SIZE    =   ----    ----
   XDATA SIZE       =   ----    ----
   PDATA SIZE       =   ----    ----
   DATA SIZE        =   ----       2
   IDATA SIZE       =   ----    ----
   BIT SIZE         =   ----    ----
END OF MODULE INFORMATION.


C51 COMPILATION COMPLETE.  0 WARNING(S),  0 ERROR(S)
