C51 COMPILER V9.57.0.0   DCMOTOR                                                           12/30/2017 14:17:19 PAGE 1   


C51 COMPILER V9.57.0.0, COMPILATION OF MODULE DCMOTOR
OBJECT MODULE PLACED IN .\Objects\DCmotor.obj
COMPILER INVOKED BY: C:\Keil_v5\C51\BIN\C51.EXE DCmotor.c OPTIMIZE(8,SPEED) BROWSE DEBUG OBJECTEXTEND PRINT(.\Listings\D
                    -Cmotor.lst) TABS(2) OBJECT(.\Objects\DCmotor.obj)

line level    source

   1          #include<reg51.h>
   2          #include<stdio.h>
   3          void delay(void);
   4          sbit motorpin1=P2^0;
   5          sbit motorpin2=P2^1;
   6          void main()
   7          {
   8   1        do
   9   1        {
  10   2          motorpin1=1;
  11   2          motorpin2=0;
  12   2          delay();
  13   2          
  14   2          motorpin1=1;
  15   2          motorpin2=1;
  16   2          delay();
  17   2          
  18   2          motorpin1=0;
  19   2          motorpin2=1;
  20   2          delay();
  21   2          
  22   2          motorpin1=0;
  23   2          motorpin2=0;
  24   2          delay();
  25   2        } while(1);
  26   1      }
  27          void delay()
  28          {
  29   1        int i,j;
  30   1        for(i=0;i<300;i++)
  31   1        { for(j=0;j<300;j++)
  32   2          { }
  33   2        }
  34   1      }
  35              


MODULE INFORMATION:   STATIC OVERLAYABLE
   CODE SIZE        =     59    ----
   CONSTANT SIZE    =   ----    ----
   XDATA SIZE       =   ----    ----
   PDATA SIZE       =   ----    ----
   DATA SIZE        =   ----    ----
   IDATA SIZE       =   ----    ----
   BIT SIZE         =   ----    ----
END OF MODULE INFORMATION.


C51 COMPILATION COMPLETE.  0 WARNING(S),  0 ERROR(S)
