C51 COMPILER V9.57.0.0   BLINKLED                                                          12/28/2017 20:57:35 PAGE 1   


C51 COMPILER V9.57.0.0, COMPILATION OF MODULE BLINKLED
OBJECT MODULE PLACED IN .\Objects\blinkled.obj
COMPILER INVOKED BY: C:\Keil_v5\C51\BIN\C51.EXE blinkled.c OPTIMIZE(8,SPEED) BROWSE DEBUG OBJECTEXTEND PRINT(.\Listings\
                    -blinkled.lst) TABS(2) OBJECT(.\Objects\blinkled.obj)

line level    source

   1          #include<reg51.h>
   2          sbit led= P1^0;
   3          void main()
   4          {
   5   1        led=0;
   6   1        while(1)
   7   1        {
   8   2          led=1;
   9   2          led=0;
  10   2        }
  11   1      }
  12          


MODULE INFORMATION:   STATIC OVERLAYABLE
   CODE SIZE        =      8    ----
   CONSTANT SIZE    =   ----    ----
   XDATA SIZE       =   ----    ----
   PDATA SIZE       =   ----    ----
   DATA SIZE        =   ----    ----
   IDATA SIZE       =   ----    ----
   BIT SIZE         =   ----    ----
END OF MODULE INFORMATION.


C51 COMPILATION COMPLETE.  0 WARNING(S),  0 ERROR(S)
